<?xml version="1.0" encoding="UTF-8"?>
<!-- Generated by org.testng.reporters.JUnitReportReporter -->
<testsuite hostname="DESKTOP-TLNDR7E" failures="0" tests="1" name="Tsf.NewTest" time="44.541" errors="0" timestamp="20 Jun 2021 09:33:12 GMT">
  <testcase classname="Tsf.NewTest" name="HomePageLogo" time="44.541"/>
</testsuite>
