<?xml version="1.0" encoding="UTF-8"?>
<!-- Generated by org.testng.reporters.JUnitReportReporter -->
<testsuite hostname="DESKTOP-TLNDR7E" failures="0" tests="1" name="Tsf.Flow" time="0.023" errors="0" timestamp="17 Jun 2021 14:01:10 GMT">
  <testcase classname="Tsf.Flow" name="f" time="0.023"/>
</testsuite>
